ASSERT.class
AssertionFailedException.class
attribute_table.class
Code_attribute.class
ConstantPool.class
ConstantValue_attribute.class
CONSTANT_Class_info.class
CONSTANT_Double_info.class
CONSTANT_Fieldref_info.class
CONSTANT_Float_info.class
CONSTANT_Integer_info.class
CONSTANT_InterfaceMethodref_info.class
CONSTANT_Long_info.class
CONSTANT_Methodref_info.class
CONSTANT_NameAndType_info.class
CONSTANT_String_info.class
CONSTANT_Unicode_info.class
CONSTANT_Utf8_info.class
cp_info.class
Exceptions_attribute.class
exception_table_entry.class
field_info.class
GenericAttribute_info.class
Jump.class
JVM.class
Klass.class
KlassArray.class
KlassFile.class
method_info.class
NativeLocation.class
SourceFile_attribute.class
strtok.class
TArgs.class
TMethodStack.class
Unknown_attribute.class
